# JRE version: OpenJDK Runtime Environment (8.0_152-b04) (build 1.8.0_152-release-1136-b04)
# Java VM: OpenJDK 64-Bit Server VM (25.152-b04 mixed mode windows-amd64 compressed oops)
Heap:
 PSYoungGen      total 447488K, used 51268K [0x00000000e0000000, 0x0000000100000000, 0x0000000100000000)
  eden space 383488K, 12% used [0x00000000e0000000,0x00000000e2dc0fe0,0x00000000f7680000)
  from space 64000K, 6% used [0x00000000f7680000,0x00000000f7ad0030,0x00000000fb500000)
  to   space 61952K, 0% used [0x00000000fc380000,0x00000000fc380000,0x0000000100000000)
 ParOldGen       total 344064K, used 238773K [0x00000000a0000000, 0x00000000b5000000, 0x00000000e0000000)
  object space 344064K, 69% used [0x00000000a0000000,0x00000000ae92d570,0x00000000b5000000)
 Metaspace       used 247501K, capacity 268176K, committed 275160K, reserved 1288192K
  class space    used 30669K, capacity 35283K, committed 36864K, reserved 1048576K
GC Heap History (10 events):
Event: 30373.588 GC heap before
{Heap before GC invocations=234 (full 7):
 PSYoungGen      total 435712K, used 364755K [0x00000000e0000000, 0x00000000ff900000, 0x0000000100000000)
  eden space 360448K, 99% used [0x00000000e0000000,0x00000000f5f36d70,0x00000000f6000000)
  from space 75264K, 6% used [0x00000000faf80000,0x00000000fb47e080,0x00000000ff900000)
  to   space 78336K, 0% used [0x00000000f6000000,0x00000000f6000000,0x00000000fac80000)
 ParOldGen       total 344064K, used 229035K [0x00000000a0000000, 0x00000000b5000000, 0x00000000e0000000)
  object space 344064K, 66% used [0x00000000a0000000,0x00000000adfaaf18,0x00000000b5000000)
 Metaspace       used 247443K, capacity 268150K, committed 275160K, reserved 1288192K
  class space    used 30667K, capacity 35280K, committed 36864K, reserved 1048576K
Event: 30373.598 GC heap after
Heap after GC invocations=234 (full 7):
 PSYoungGen      total 438784K, used 10410K [0x00000000e0000000, 0x00000000ffd00000, 0x0000000100000000)
  eden space 360448K, 0% used [0x00000000e0000000,0x00000000e0000000,0x00000000f6000000)
  from space 78336K, 13% used [0x00000000f6000000,0x00000000f6a2a998,0x00000000fac80000)
  to   space 75264K, 0% used [0x00000000fb380000,0x00000000fb380000,0x00000000ffd00000)
 ParOldGen       total 344064K, used 229755K [0x00000000a0000000, 0x00000000b5000000, 0x00000000e0000000)
  object space 344064K, 66% used [0x00000000a0000000,0x00000000ae05efb8,0x00000000b5000000)
 Metaspace       used 247443K, capacity 268150K, committed 275160K, reserved 1288192K
  class space    used 30667K, capacity 35280K, committed 36864K, reserved 1048576K
}
Event: 30735.395 GC heap before
{Heap before GC invocations=235 (full 7):
 PSYoungGen      total 438784K, used 370858K [0x00000000e0000000, 0x00000000ffd00000, 0x0000000100000000)
  eden space 360448K, 100% used [0x00000000e0000000,0x00000000f6000000,0x00000000f6000000)
  from space 78336K, 13% used [0x00000000f6000000,0x00000000f6a2a998,0x00000000fac80000)
  to   space 75264K, 0% used [0x00000000fb380000,0x00000000fb380000,0x00000000ffd00000)
 ParOldGen       total 344064K, used 229755K [0x00000000a0000000, 0x00000000b5000000, 0x00000000e0000000)
  object space 344064K, 66% used [0x00000000a0000000,0x00000000ae05efb8,0x00000000b5000000)
 Metaspace       used 247472K, capacity 268172K, committed 275160K, reserved 1288192K
  class space    used 30669K, capacity 35283K, committed 36864K, reserved 1048576K
Event: 30735.409 GC heap after
Heap after GC invocations=235 (full 7):
 PSYoungGen      total 439808K, used 6624K [0x00000000e0000000, 0x00000000ff700000, 0x0000000100000000)
  eden space 370688K, 0% used [0x00000000e0000000,0x00000000e0000000,0x00000000f6a00000)
  from space 69120K, 9% used [0x00000000fb380000,0x00000000fb9f8040,0x00000000ff700000)
  to   space 72192K, 0% used [0x00000000f6a00000,0x00000000f6a00000,0x00000000fb080000)
 ParOldGen       total 344064K, used 231028K [0x00000000a0000000, 0x00000000b5000000, 0x00000000e0000000)
  object space 344064K, 67% used [0x00000000a0000000,0x00000000ae19d128,0x00000000b5000000)
 Metaspace       used 247472K, capacity 268172K, committed 275160K, reserved 1288192K
  class space    used 30669K, capacity 35283K, committed 36864K, reserved 1048576K
}
Event: 30743.112 GC heap before
{Heap before GC invocations=236 (full 7):
 PSYoungGen      total 439808K, used 377286K [0x00000000e0000000, 0x00000000ff700000, 0x0000000100000000)
  eden space 370688K, 99% used [0x00000000e0000000,0x00000000f69f9a18,0x00000000f6a00000)
  from space 69120K, 9% used [0x00000000fb380000,0x00000000fb9f8040,0x00000000ff700000)
  to   space 72192K, 0% used [0x00000000f6a00000,0x00000000f6a00000,0x00000000fb080000)
 ParOldGen       total 344064K, used 231028K [0x00000000a0000000, 0x00000000b5000000, 0x00000000e0000000)
  object space 344064K, 67% used [0x00000000a0000000,0x00000000ae19d128,0x00000000b5000000)
 Metaspace       used 247480K, capacity 268172K, committed 275160K, reserved 1288192K
  class space    used 30669K, capacity 35283K, committed 36864K, reserved 1048576K
Event: 30743.140 GC heap after
Heap after GC invocations=236 (full 7):
 PSYoungGen      total 442880K, used 9774K [0x00000000e0000000, 0x00000000ffc00000, 0x0000000100000000)
  eden space 370688K, 0% used [0x00000000e0000000,0x00000000e0000000,0x00000000f6a00000)
  from space 72192K, 13% used [0x00000000f6a00000,0x00000000f738b978,0x00000000fb080000)
  to   space 68608K, 0% used [0x00000000fb900000,0x00000000fb900000,0x00000000ffc00000)
 ParOldGen       total 344064K, used 235942K [0x00000000a0000000, 0x00000000b5000000, 0x00000000e0000000)
  object space 344064K, 68% used [0x00000000a0000000,0x00000000ae669970,0x00000000b5000000)
 Metaspace       used 247480K, capacity 268172K, committed 275160K, reserved 1288192K
  class space    used 30669K, capacity 35283K, committed 36864K, reserved 1048576K
}
Event: 30745.018 GC heap before
{Heap before GC invocations=237 (full 7):
 PSYoungGen      total 442880K, used 380462K [0x00000000e0000000, 0x00000000ffc00000, 0x0000000100000000)
  eden space 370688K, 100% used [0x00000000e0000000,0x00000000f6a00000,0x00000000f6a00000)
  from space 72192K, 13% used [0x00000000f6a00000,0x00000000f738b978,0x00000000fb080000)
  to   space 68608K, 0% used [0x00000000fb900000,0x00000000fb900000,0x00000000ffc00000)
 ParOldGen       total 344064K, used 235942K [0x00000000a0000000, 0x00000000b5000000, 0x00000000e0000000)
  object space 344064K, 68% used [0x00000000a0000000,0x00000000ae669970,0x00000000b5000000)
 Metaspace       used 247484K, capacity 268172K, committed 275160K, reserved 1288192K
  class space    used 30669K, capacity 35283K, committed 36864K, reserved 1048576K
Event: 30745.032 GC heap after
Heap after GC invocations=237 (full 7):
 PSYoungGen      total 443392K, used 18426K [0x00000000e0000000, 0x00000000ff380000, 0x0000000100000000)
  eden space 383488K, 0% used [0x00000000e0000000,0x00000000e0000000,0x00000000f7680000)
  from space 59904K, 30% used [0x00000000fb900000,0x00000000fcafea40,0x00000000ff380000)
  to   space 64000K, 0% used [0x00000000f7680000,0x00000000f7680000,0x00000000fb500000)
 ParOldGen       total 344064K, used 238309K [0x00000000a0000000, 0x00000000b5000000, 0x00000000e0000000)
  object space 344064K, 69% used [0x00000000a0000000,0x00000000ae8b94f0,0x00000000b5000000)
 Metaspace       used 247484K, capacity 268172K, committed 275160K, reserved 1288192K
  class space    used 30669K, capacity 35283K, committed 36864K, reserved 1048576K
}
Event: 30748.597 GC heap before
{Heap before GC invocations=238 (full 7):
 PSYoungGen      total 443392K, used 401914K [0x00000000e0000000, 0x00000000ff380000, 0x0000000100000000)
  eden space 383488K, 100% used [0x00000000e0000000,0x00000000f7680000,0x00000000f7680000)
  from space 59904K, 30% used [0x00000000fb900000,0x00000000fcafea40,0x00000000ff380000)
  to   space 64000K, 0% used [0x00000000f7680000,0x00000000f7680000,0x00000000fb500000)
 ParOldGen       total 344064K, used 238309K [0x00000000a0000000, 0x00000000b5000000, 0x00000000e0000000)
  object space 344064K, 69% used [0x00000000a0000000,0x00000000ae8b94f0,0x00000000b5000000)
 Metaspace       used 247491K, capacity 268172K, committed 275160K, reserved 1288192K
  class space    used 30669K, capacity 35283K, committed 36864K, reserved 1048576K
Event: 30748.606 GC heap after
Heap after GC invocations=238 (full 7):
 PSYoungGen      total 447488K, used 4416K [0x00000000e0000000, 0x0000000100000000, 0x0000000100000000)
  eden space 383488K, 0% used [0x00000000e0000000,0x00000000e0000000,0x00000000f7680000)
  from space 64000K, 6% used [0x00000000f7680000,0x00000000f7ad0030,0x00000000fb500000)
  to   space 61952K, 0% used [0x00000000fc380000,0x00000000fc380000,0x0000000100000000)
 ParOldGen       total 344064K, used 238773K [0x00000000a0000000, 0x00000000b5000000, 0x00000000e0000000)
  object space 344064K, 69% used [0x00000000a0000000,0x00000000ae92d570,0x00000000b5000000)
 Metaspace       used 247491K, capacity 268172K, committed 275160K, reserved 1288192K
  class space    used 30669K, capacity 35283K, committed 36864K, reserved 1048576K
}

